2023-04-23 18:26:30,638 [INFO] MainUpdater:2854 - connection check result : 10
2023-04-23 18:26:30,829 [INFO] McuFinderGlobals:66 - Set McuFinderConnectedMode to true
2023-04-23 18:26:30,858 [INFO] MultiScanPanel:200 - Auto-refresh data requested => check proxy status ongoing
2023-04-23 18:26:30,859 [INFO] FinderPluginLoader:95 - Searching for filters in installed packs
2023-04-23 18:26:31,864 [INFO] LoadUrlFilesThread:185 - End of LoadServerUrlFiles without Thread
2023-04-23 18:26:31,864 [INFO] DetailPanel:341 - Set advertising image to /home/neelakanta/STM32Cube/Repository//en.prom-stm32h5-mcu-finder.jpg
2023-04-23 18:26:35,455 [INFO] MultiScanPanel:200 - Auto-refresh data requested => check proxy status ongoing
2023-04-23 18:26:35,655 [INFO] LoadUrlFilesThread:185 - End of LoadServerUrlFiles without Thread
2023-04-23 18:26:35,655 [INFO] DetailPanel:341 - Set advertising image to /home/neelakanta/STM32Cube/Repository//en.prom-stm32h5-mcu-finder.jpg
2023-04-23 18:26:37,319 [INFO] ApiDb:581 - Connected to CubeFinder SQLite database (/home/neelakanta/.stmcufinder/plugins/mcufinder/mcu/cube-finder-db.db)
2023-04-23 18:27:25,147 [INFO] McuFinderGlobals:66 - Set McuFinderConnectedMode to true
2023-04-23 18:27:25,149 [INFO] ApiDb:448 - Save user favorites file /home/neelakanta/.stm32cubeide/favorites.mcus.txt: 0 item(s)
2023-04-23 18:27:25,149 [INFO] ApiDb:452 - User favorites MCUs=[]
2023-04-23 18:27:25,150 [INFO] ApiDb:448 - Save user favorites file /home/neelakanta/.stm32cubeide/favorites.boards.txt: 1 item(s)
2023-04-23 18:27:25,150 [INFO] ApiDb:452 - User favorites Boards=[STM32F407G-DISC1]
2023-04-23 22:28:55,876 [INFO] MainUpdater:2854 - connection check result : 10
2023-04-23 22:28:56,042 [INFO] McuFinderGlobals:66 - Set McuFinderConnectedMode to true
2023-04-23 22:28:56,043 [INFO] MultiScanPanel:200 - Auto-refresh data requested => check proxy status ongoing
2023-04-23 22:28:56,043 [INFO] FinderPluginLoader:95 - Searching for filters in installed packs
2023-04-23 22:28:57,448 [INFO] LoadUrlFilesThread:185 - End of LoadServerUrlFiles without Thread
2023-04-23 22:28:57,448 [INFO] DetailPanel:341 - Set advertising image to /home/neelakanta/STM32Cube/Repository//en.prom-stm32h5-mcu-finder.jpg
2023-04-23 22:29:01,967 [INFO] MultiScanPanel:200 - Auto-refresh data requested => check proxy status ongoing
2023-04-23 22:29:02,120 [INFO] LoadUrlFilesThread:185 - End of LoadServerUrlFiles without Thread
2023-04-23 22:29:02,120 [INFO] DetailPanel:341 - Set advertising image to /home/neelakanta/STM32Cube/Repository//en.prom-stm32h5-mcu-finder.jpg
2023-04-23 22:29:27,927 [INFO] MainUpdater:2854 - connection check result : 10
2023-04-23 22:29:27,928 [INFO] MainUpdater:2854 - connection check result : 10
2023-04-23 22:29:28,343 [INFO] MicroXplorer:468 - Change Database Path : 
2023-04-23 22:29:28,343 [INFO] MicroXplorer:498 - Change Database Version : DB.6.0.80
2023-04-23 22:29:28,344 [WARN] ThirdParty:871 - waiting for thirdparty lock release [close project]
2023-04-23 22:29:28,344 [INFO] ThirdParty:873 - entering critical section [close project]
2023-04-23 22:29:28,395 [INFO] ThirdParty:883 - exiting critical section [close project]
2023-04-23 22:29:28,437 [INFO] PinOutPanel:1499 - setPackage(No Configuration,No Configuration)
2023-04-23 22:29:28,474 [INFO] UtilMem:75 - Begin LoadConfig() Used Memory: 265926200 Bytes (447741952)
2023-04-23 22:29:28,513 [INFO] OpenFileManager:308 - Change cursor
2023-04-23 22:29:28,767 [INFO] ProjectFactory:402 - No CPN specified for board STM32F407G-DISC1 => set CPN to STM32F407VGT6
2023-04-23 22:29:28,782 [INFO] Mcu:1937 - Initializing MCU STM32F407V(E-G)Tx STM32F407VGTx STM32F407VGT6
2023-04-23 22:29:32,496 [INFO] Context:659 - Trying to add GPIOservice into a context  which must be forbidden
2023-04-23 22:29:34,074 [INFO] Rule:228 - rule 117617 - U5Cobra4M][GTZC] default value MPCBB3 and MPCBB5 - Not Secured memory - MPCBB1 is applicable
2023-04-23 22:29:34,075 [INFO] Rule:228 - rule 117617 - U5Cobra4M][GTZC] default value MPCBB3 and MPCBB5 - Not Secured memory - MPCBB1 is applicable
2023-04-23 22:29:34,075 [INFO] Rule:228 - rule 117617 - U5Cobra4M][GTZC] default value MPCBB3 and MPCBB5 - Not Secured memory - MPCBB2 is applicable
2023-04-23 22:29:34,075 [INFO] Rule:228 - rule 117617 - U5Cobra4M][GTZC] default value MPCBB3 and MPCBB5 - Not Secured memory - MPCBB2 is applicable
2023-04-23 22:29:34,075 [INFO] Rule:228 - rule 117617 - U5Cobra4M][GTZC] default value MPCBB3 and MPCBB5 - Not Secured memory - MPCBB3 is applicable
2023-04-23 22:29:34,075 [INFO] Rule:228 - rule 117617 - U5Cobra4M][GTZC] default value MPCBB3 and MPCBB5 - Not Secured memory - MPCBB3 is applicable
2023-04-23 22:29:34,075 [INFO] Rule:228 - rule 117617 - U5Cobra4M][GTZC] default value MPCBB3 and MPCBB5 - Not Secured memory - MPCBB4 is applicable
2023-04-23 22:29:34,075 [INFO] Rule:228 - rule 117617 - U5Cobra4M][GTZC] default value MPCBB3 and MPCBB5 - Not Secured memory - MPCBB4 is applicable
2023-04-23 22:29:34,075 [INFO] Rule:228 - rule 117617 - U5Cobra4M][GTZC] default value MPCBB3 and MPCBB5 - Secured memory - MPCBB1 is applicable
2023-04-23 22:29:34,076 [INFO] Rule:228 - rule 117617 - U5Cobra4M][GTZC] default value MPCBB3 and MPCBB5 - Secured memory - MPCBB2 is applicable
2023-04-23 22:29:34,076 [INFO] Rule:228 - rule 117617 - U5Cobra4M][GTZC] default value MPCBB3 and MPCBB5 - Secured memory - MPCBB3 is applicable
2023-04-23 22:29:34,076 [INFO] Rule:228 - rule 117617 - U5Cobra4M][GTZC] default value MPCBB3 and MPCBB5 - Secured memory - MPCBB4 is applicable
2023-04-23 22:29:34,076 [INFO] Rule:228 - rule 117617 - U5Cobra4M][GTZC] default value MPCBB3 and MPCBB5 - Privileged memory - MPCBB1 is applicable
2023-04-23 22:29:34,076 [INFO] Rule:228 - rule 117617 - U5Cobra4M][GTZC] default value MPCBB3 and MPCBB5 - Privileged memory - MPCBB2 is applicable
2023-04-23 22:29:34,076 [INFO] Rule:228 - rule 117617 - U5Cobra4M][GTZC] default value MPCBB3 and MPCBB5 - Privileged memory - MPCBB3 is applicable
2023-04-23 22:29:34,076 [INFO] Rule:228 - rule 117617 - U5Cobra4M][GTZC] default value MPCBB3 and MPCBB5 - Privileged memory - MPCBB4 is applicable
2023-04-23 22:29:34,076 [INFO] Rule:228 - rule 117617 - U5Cobra4M][GTZC] default value MPCBB3 and MPCBB5 - Not Privileged memory - MPCBB1 is applicable
2023-04-23 22:29:34,076 [INFO] Rule:228 - rule 117617 - U5Cobra4M][GTZC] default value MPCBB3 and MPCBB5 - Not Privileged memory - MPCBB2 is applicable
2023-04-23 22:29:34,077 [INFO] Rule:228 - rule 117617 - U5Cobra4M][GTZC] default value MPCBB3 and MPCBB5 - Not Privileged memory - MPCBB3 is applicable
2023-04-23 22:29:34,077 [INFO] Rule:228 - rule 117617 - U5Cobra4M][GTZC] default value MPCBB3 and MPCBB5 - Not Privileged memory - MPCBB4 is applicable
2023-04-23 22:29:34,077 [INFO] Rule:228 - rule 117617 - U5Cobra4M][GTZC] default value MPCBB3 and MPCBB5 - Privileged memory - MPCBB1 is applicable
2023-04-23 22:29:34,077 [INFO] Rule:228 - rule 117617 - U5Cobra4M][GTZC] default value MPCBB3 and MPCBB5 - Privileged memory - MPCBB2 is applicable
2023-04-23 22:29:34,077 [INFO] Rule:228 - rule 117617 - U5Cobra4M][GTZC] default value MPCBB3 and MPCBB5 - Privileged memory - MPCBB3 is applicable
2023-04-23 22:29:34,078 [INFO] Rule:228 - rule 117617 - U5Cobra4M][GTZC] default value MPCBB3 and MPCBB5 - Privileged memory - MPCBB4 is applicable
2023-04-23 22:29:34,078 [INFO] Rule:228 - rule 117617 - U5Cobra4M][GTZC] default value MPCBB3 and MPCBB5 - Privileged memory - MPCBB1 is applicable
2023-04-23 22:29:34,078 [INFO] Rule:228 - rule 117617 - U5Cobra4M][GTZC] default value MPCBB3 and MPCBB5 - Privileged memory - MPCBB2 is applicable
2023-04-23 22:29:34,078 [INFO] Rule:228 - rule 117617 - U5Cobra4M][GTZC] default value MPCBB3 and MPCBB5 - Privileged memory - MPCBB3 is applicable
2023-04-23 22:29:34,078 [INFO] Rule:228 - rule 117617 - U5Cobra4M][GTZC] default value MPCBB3 and MPCBB5 - Privileged memory - MPCBB4 is applicable
2023-04-23 22:29:34,078 [INFO] Rule:228 - rule 117617 - U5Cobra4M][GTZC] default value MPCBB3 and MPCBB5 - Not Privileged memory - MPCBB1 is applicable
2023-04-23 22:29:34,079 [INFO] Rule:228 - rule 117617 - U5Cobra4M][GTZC] default value MPCBB3 and MPCBB5 - Not Privileged memory - MPCBB2 is applicable
2023-04-23 22:29:34,079 [INFO] Rule:228 - rule 117617 - U5Cobra4M][GTZC] default value MPCBB3 and MPCBB5 - Not Privileged memory - MPCBB3 is applicable
2023-04-23 22:29:34,079 [INFO] Rule:228 - rule 117617 - U5Cobra4M][GTZC] default value MPCBB3 and MPCBB5 - Not Privileged memory - MPCBB4 is applicable
2023-04-23 22:29:34,079 [INFO] Rule:228 - rule 117617 - U5Cobra4M][GTZC] default value MPCBB3 and MPCBB5 - Privileged memory - MPCBB1 is applicable
2023-04-23 22:29:34,079 [INFO] Rule:228 - rule 117617 - U5Cobra4M][GTZC] default value MPCBB3 and MPCBB5 - Privileged memory - MPCBB2 is applicable
2023-04-23 22:29:34,079 [INFO] Rule:228 - rule 117617 - U5Cobra4M][GTZC] default value MPCBB3 and MPCBB5 - Privileged memory - MPCBB3 is applicable
2023-04-23 22:29:34,079 [INFO] Rule:228 - rule 117617 - U5Cobra4M][GTZC] default value MPCBB3 and MPCBB5 - Privileged memory - MPCBB4 is applicable
2023-04-23 22:29:34,079 [INFO] Rule:228 - rule Rename SubGHz_Phy SUBGHZ_APPLICATION SUBGHZ_PINGPONG to SUBGHZ_ADV_APPLICATION is applicable
2023-04-23 22:29:34,079 [INFO] Rule:228 - rule Rename Enabled to IBEACON is applicable
2023-04-23 22:29:34,080 [INFO] Rule:228 - rule GTZC_S instance for project manager is applicable
2023-04-23 22:29:34,080 [INFO] Rule:228 - rule GTZC_S instance for context M33S is applicable
2023-04-23 22:29:34,080 [INFO] Rule:228 - rule GTZC_S instance value for IP GTZC is applicable
2023-04-23 22:29:34,080 [INFO] Rule:228 - rule GTZC_S instance for mcu.IP is applicable
2023-04-23 22:29:34,080 [INFO] Rule:228 - rule GTZC_S instance for VP is applicable
2023-04-23 22:29:34,080 [INFO] Rule:228 - rule GTZC_S instance for signal is applicable
2023-04-23 22:29:34,080 [INFO] Rule:228 - rule GTZC_S instance for mcu.Pin is applicable
2023-04-23 22:29:34,080 [INFO] Rule:228 - rule GTZC_S instance for VP is applicable
2023-04-23 22:29:34,080 [INFO] Rule:228 - rule GTZC_S instance for signal is applicable
2023-04-23 22:29:34,081 [INFO] Rule:228 - rule GTZC_S instance for mcu is applicable
2023-04-23 22:29:34,081 [INFO] Rule:228 - rule GTZC_S instance for mcu.Pin is applicable
2023-04-23 22:29:34,081 [INFO] Rule:228 - rule GTZC_S instance value for IP GTZC is applicable
2023-04-23 22:29:34,081 [INFO] Rule:228 - rule GTZC_S instance for project manager is applicable
2023-04-23 22:29:34,081 [INFO] Rule:228 - rule GTZC_S instance for context M33S is applicable
2023-04-23 22:29:34,081 [INFO] Rule:228 - rule GTZC_S instance for VP is applicable
2023-04-23 22:29:34,081 [INFO] Rule:228 - rule GTZC_S instance for signal is applicable
2023-04-23 22:29:34,081 [INFO] Rule:228 - rule SPDIFRX instance for mcu is applicable
2023-04-23 22:29:34,081 [INFO] Rule:228 - rule Rename Tracer Mode is applicable
2023-04-23 22:29:34,081 [INFO] Rule:228 - rule SPDIFRX instance value for IP SPDIFRX is applicable
2023-04-23 22:29:34,082 [INFO] Rule:228 - rule SPDIFRX instance for signal is applicable
2023-04-23 22:29:34,082 [INFO] Rule:228 - rule SPDIFRX instance for project manager is applicable
2023-04-23 22:29:34,082 [INFO] Rule:228 - rule SPDIFRX instance for project manager is applicable
2023-04-23 22:29:34,082 [INFO] Rule:228 - rule ADC Scan  fix with FW F7 is applicable
2023-04-23 22:29:34,082 [INFO] Rule:228 - rule ADC Scan  fix with FW F7 is applicable
2023-04-23 22:29:34,082 [INFO] Rule:228 - rule WakeUp0 Mode is applicable
2023-04-23 22:29:34,082 [INFO] Rule:228 - rule WakeUp0 SIGNAL is applicable
2023-04-23 22:29:34,083 [INFO] Rule:228 - rule WakeUp1 Mode is applicable
2023-04-23 22:29:34,083 [INFO] Rule:228 - rule WakeUp1 SIGNAL is applicable
2023-04-23 22:29:34,083 [INFO] Rule:228 - rule WakeUp2 Mode is applicable
2023-04-23 22:29:34,083 [INFO] Rule:228 - rule WakeUp2 SIGNAL is applicable
2023-04-23 22:29:34,083 [INFO] Rule:228 - rule WakeUp4 Mode is applicable
2023-04-23 22:29:34,083 [INFO] Rule:228 - rule WakeUp4 SIGNAL is applicable
2023-04-23 22:29:34,083 [INFO] Rule:228 - rule WakeUp5 Mode is applicable
2023-04-23 22:29:34,083 [INFO] Rule:228 - rule WakeUp5 SIGNAL is applicable
2023-04-23 22:29:34,083 [INFO] Rule:228 - rule UART/USART WORD LENGTH 7 is applicable
2023-04-23 22:29:34,084 [INFO] Rule:228 - rule UART/USART WORD LENGTH 8 is applicable
2023-04-23 22:29:34,084 [INFO] Rule:228 - rule UART/USART WORD LENGTH 9 is applicable
2023-04-23 22:29:34,084 [INFO] Rule:228 - rule Change Default Value for LSE Drive Capability for WB family is applicable
2023-04-23 22:29:34,084 [INFO] Rule:228 - rule Change Default Value for ADC Clock Prescaler G0 family is applicable
2023-04-23 22:29:34,084 [INFO] Rule:228 - rule ADC SamplingTime fix with FW L0  is applicable
2023-04-23 22:29:34,084 [INFO] Rule:228 - rule ADC SamplingTime fix with FW L0  is applicable
2023-04-23 22:29:34,084 [INFO] Rule:228 - rule ADC SamplingTime fix with FW L0 is applicable
2023-04-23 22:29:34,084 [INFO] Rule:228 - rule ADC SamplingTime fix with FW L0 is applicable
2023-04-23 22:29:34,085 [INFO] Rule:228 - rule ADC SamplingTime fix with FW L0  is applicable
2023-04-23 22:29:34,085 [INFO] Rule:228 - rule ADC SamplingTime fix with FW L0 is applicable
2023-04-23 22:29:34,085 [INFO] Rule:228 - rule Rename USB_OE Signal is applicable
2023-04-23 22:29:34,085 [INFO] Rule:228 - rule Rename Activate_OE Mode is applicable
2023-04-23 22:29:34,085 [INFO] Rule:228 - rule Rename DIE462/DIE415 pin PC14/OSC32_IN -> PC14-OSC32_IN (PC14) is applicable
2023-04-23 22:29:34,085 [INFO] Rule:228 - rule Rename DIE462/DIE415 pin PC15/OSC32_OUT -> PC15-OSC32_OUT (PC15) is applicable
2023-04-23 22:29:34,085 [INFO] Rule:228 - rule Rename DIE462/DIE415 pin PH0/OSC_IN -> PH0-OSC_IN (PH0) is applicable
2023-04-23 22:29:34,085 [INFO] Rule:228 - rule Rename DIE462/DIE415 pin PH1/OSC_OUT -> PH1-OSC_OUT (PH1) is applicable
2023-04-23 22:29:34,085 [INFO] Rule:228 - rule Rename DIE462 pin PA13 -> PA13 (JTMS/SWDIO) is applicable
2023-04-23 22:29:34,085 [INFO] Rule:228 - rule Rename DIE415 pin PA13 -> PA13 (JTMS/SWDIO) is applicable
2023-04-23 22:29:34,086 [INFO] Rule:228 - rule Rename DIE462 pin PA14 -> PA14 (JTCK/SWCLK) is applicable
2023-04-23 22:29:34,086 [INFO] Rule:228 - rule Rename DIE415 pin PA14 -> PA14 (JTCK/SWCLK) is applicable
2023-04-23 22:29:34,086 [INFO] Rule:228 - rule Rename DIE462/DIE415 pin PA15 -> PA15 (JTDI) is applicable
2023-04-23 22:29:34,086 [INFO] Rule:228 - rule Rename DIE462 pin PB3 -> PB3 (JTD0/TRACESWO) is applicable
2023-04-23 22:29:34,086 [INFO] Rule:228 - rule Rename DIE415 pin PB3 -> PB3 (JTD0-TRACESWO) is applicable
2023-04-23 22:29:34,086 [INFO] Rule:228 - rule Rename DIE462/DIE415 pin PB4 -> PB4 (NJTRST) is applicable
2023-04-23 22:29:34,086 [INFO] Rule:228 - rule Rename DIE462 pin PH3/BOOT0 -> PH3-BOOT0 (BOOT0) is applicable
2023-04-23 22:29:34,086 [INFO] Rule:228 - rule Rename CRYP DataEncryptionTypesList to Algorithm is applicable
2023-04-23 22:29:34,086 [INFO] Rule:228 - rule Rename AES DataEncryptionTypesList to Algorithm is applicable
2023-04-23 22:29:34,086 [INFO] Rule:228 - rule Rename TDESECB to CRYP_TDES_ECB is applicable
2023-04-23 22:29:34,086 [INFO] Rule:228 - rule Rename TDESCBC to CRYP_TDES_CBC is applicable
2023-04-23 22:29:34,087 [INFO] Rule:228 - rule Rename DESECB to CRYP_DES_ECB is applicable
2023-04-23 22:29:34,087 [INFO] Rule:228 - rule Rename DESCBC to CRYP_DES_CBC is applicable
2023-04-23 22:29:34,087 [INFO] Rule:228 - rule Rename AESECB to CRYP_AES_ECB is applicable
2023-04-23 22:29:34,087 [INFO] Rule:228 - rule Rename AESCBC to CRYP_AES_CBC is applicable
2023-04-23 22:29:34,087 [INFO] Rule:228 - rule Rename AESCTR to CRYP_AES_CTR is applicable
2023-04-23 22:29:34,087 [INFO] Rule:228 - rule Rename AESGCM to CRYP_AES_GCM is applicable
2023-04-23 22:29:34,087 [INFO] Rule:228 - rule Rename AESCCM to CRYP_AES_CCM is applicable
2023-04-23 22:29:34,087 [INFO] Rule:228 - rule Rename CAN TimeSeg1 to BS1 is applicable
2023-04-23 22:29:34,087 [INFO] Rule:228 - rule Rename CAN TimeSeg2 to BS2 is applicable
2023-04-23 22:29:34,087 [INFO] Rule:228 - rule Rename CAN SyncJumpWidth to SJW is applicable
2023-04-23 22:29:34,088 [INFO] Rule:228 - rule TimeTriggeredMode to TTCM is applicable
2023-04-23 22:29:34,088 [INFO] Rule:228 - rule Rename CAN AutoBusOff to ABOM is applicable
2023-04-23 22:29:34,088 [INFO] Rule:228 - rule Rename CAN AutoWakeUp to AWUM is applicable
2023-04-23 22:29:34,088 [INFO] Rule:228 - rule Rename CAN AutoRetransmission to NART is applicable
2023-04-23 22:29:34,088 [INFO] Rule:228 - rule Rename CAN ReceiveFifoLocked to RFLM is applicable
2023-04-23 22:29:34,088 [INFO] Rule:228 - rule Rename CAN TransmitFifoPriority to TXFP is applicable
2023-04-23 22:29:34,088 [INFO] Rule:228 - rule Rename HRTIMER HRTIM_OUTPUTFAULTLEVEL_HIGH in HRTIMER HRTIM_OUTPUTFAULTLEVEL_HIGHZ is applicable
2023-04-23 22:29:34,088 [INFO] Rule:228 - rule Rename TIMER TIM_CLEARINPUTSOURCE_OCREFCLR in  TIMER TIM_CLEARINPUTSOURCE_NONE for F7 family is applicable
2023-04-23 22:29:34,088 [INFO] Rule:228 - rule FDCAN_R1 - Rename FDCAN mode Master into Classic is applicable
2023-04-23 22:29:34,088 [INFO] Rule:228 - rule FDCAN_R2 - Rename FDCAN mode Slave into Classic is applicable
2023-04-23 22:29:34,089 [INFO] Rule:228 - rule FDCAN1_R3 - if PA10.Mode=FullDuplex, add Pin PA12 is applicable
2023-04-23 22:29:34,089 [INFO] Rule:228 - rule FDCAN1_R3 - if PA9.Mode=FullDuplex, add Pin PA11 is applicable
2023-04-23 22:29:34,089 [INFO] Rule:228 - rule FDCAN1_R3 - Alternatepin_1 - if PE1.Mode=FullDuplex, add Pin PB9 is applicable
2023-04-23 22:29:34,089 [INFO] Rule:228 - rule FDCAN1_R3 - Alternatepin_1 - if PE0.Mode=FullDuplex, add Pin PB8 is applicable
2023-04-23 22:29:34,089 [INFO] Rule:228 - rule FDCAN1_R3 - Alternatepin_2 - if PD5.Mode=FullDuplex, add Pin PD1 is applicable
2023-04-23 22:29:34,089 [INFO] Rule:228 - rule FDCAN1_R3 - Alternatepin_2 - if PD4.Mode=FullDuplex, add Pin PD0 is applicable
2023-04-23 22:29:34,089 [INFO] Rule:228 - rule FDCAN1_R4 - Rename Mode FullDuplex into Enable FDCAN_TXFD for pin PA10 is applicable
2023-04-23 22:29:34,089 [INFO] Rule:228 - rule FDCAN1_R4 - Rename Mode FullDuplex into Enable FDCAN_TXFD for pin PA9 is applicable
2023-04-23 22:29:34,089 [INFO] Rule:228 - rule FDCAN1_R4 - Alternatepin_1 - Rename Mode FullDuplex into Enable FDCAN_TXFD for pin PE1 is applicable
2023-04-23 22:29:34,089 [INFO] Rule:228 - rule FDCAN1_R4 - Alternatepin_1 - Rename Mode FullDuplex into Enable FDCAN_TXFD for pin PE0 is applicable
2023-04-23 22:29:34,090 [INFO] Rule:228 - rule FDCAN1_R4 - Alternatepin_2 - Rename Mode FullDuplex into Enable FDCAN_TXFD for pin PD5 is applicable
2023-04-23 22:29:34,090 [INFO] Rule:228 - rule FDCAN1_R4 - Alternatepin_2 - Rename Mode FullDuplex into Enable FDCAN_TXFD for pin PD4 is applicable
2023-04-23 22:29:34,090 [INFO] Rule:228 - rule FDCAN2_R3 - if PD10.Mode=FullDuplex, add Pin PB13 is applicable
2023-04-23 22:29:34,090 [INFO] Rule:228 - rule FDCAN2_R3 - if PD9.Mode=FullDuplex, add Pin PB12 is applicable
2023-04-23 22:29:34,090 [INFO] Rule:228 - rule FDCAN2_R3 - Alternatepin_1 - if PB7.Mode=FullDuplex, add Pin PB6 is applicable
2023-04-23 22:29:34,090 [INFO] Rule:228 - rule FDCAN2_R3 - Alternatepin_1 - if PD9.Mode=FullDuplex, add Pin PB12 is applicable
2023-04-23 22:29:34,090 [INFO] Rule:228 - rule FDCAN2_R4 - Rename Mode FullDuplex into Enable FDCAN_TXFD for pin PD10 is applicable
2023-04-23 22:29:34,090 [INFO] Rule:228 - rule FDCAN2_R4 - Rename Mode FullDuplex into Enable FDCAN_TXFD for pin PD9 is applicable
2023-04-23 22:29:34,090 [INFO] Rule:228 - rule FDCAN2_R4 - Alternatepin_1 - Rename Mode FullDuplex into Enable FDCAN_TXFD for pin PB7 is applicable
2023-04-23 22:29:34,091 [INFO] Rule:228 - rule FDCAN2_R4 - Alternatepin_1 - Rename Mode FullDuplex into Enable FDCAN_TXFD for pin PD6 is applicable
2023-04-23 22:29:34,091 [INFO] Rule:228 - rule USART TxPinLevelInvertParam Mode is applicable
2023-04-23 22:29:34,091 [INFO] Rule:228 - rule USART RxPinLevelInvertParam Mode is applicable
2023-04-23 22:29:34,091 [INFO] Rule:228 - rule USART DataInvertParam Mode is applicable
2023-04-23 22:29:34,091 [INFO] Rule:228 - rule USART SwapParam Mode is applicable
2023-04-23 22:29:34,091 [INFO] Rule:228 - rule USART OverrunDisableParam Mode is applicable
2023-04-23 22:29:34,091 [INFO] Rule:228 - rule USART DMADisableonRxErrorParam Mode is applicable
2023-04-23 22:29:34,091 [INFO] Rule:228 - rule USART MSBFirstParam Mode is applicable
2023-04-23 22:29:34,091 [INFO] Rule:228 - rule Update MwName for USB_DEVICE is applicable
2023-04-23 22:29:34,092 [INFO] Rule:228 - rule Change PWR_Regulator_Voltage_Scale Default Value for RCC  H7 family is applicable
2023-04-23 22:29:34,092 [INFO] Rule:228 - rule UART/USART IPParameter rename Prescaler parameter to ClockPrescaler is applicable
2023-04-23 22:29:34,092 [INFO] Rule:228 - rule UART/USART Prescaler rename Prescaler parameter to ClockPrescaler is applicable
2023-04-23 22:29:34,092 [INFO] Rule:228 - rule TIM1CLockSelection is applicable
2023-04-23 22:29:34,092 [INFO] Rule:228 - rule TIM15CLockSelection is applicable
2023-04-23 22:29:34,092 [INFO] Rule:228 - rule align RCC SDMMC3CLockSelection default value on MP1 is applicable
2023-04-23 22:29:34,092 [INFO] Rule:228 - rule align RCC SDMMC12CLockSelection default value on MP1 is applicable
2023-04-23 22:29:34,092 [INFO] Rule:228 - rule align RCC QSPICLockSelection default value on MP1 is applicable
2023-04-23 22:29:34,092 [INFO] Rule:228 - rule align RCC QSPICLockSelection default value on MP1 is applicable
2023-04-23 22:29:34,093 [INFO] Rule:228 - rule align RCC SPI6CLockSelection default value on MP1 is applicable
2023-04-23 22:29:34,093 [INFO] Rule:228 - rule align RCC LPTIM23CLockSelection default value on MP1 is applicable
2023-04-23 22:29:34,093 [INFO] Rule:228 - rule align RCC LPTIM1CLockSelection default value on MP1 is applicable
2023-04-23 22:29:34,093 [INFO] Rule:228 - rule align RCC USART1CLockSelection default value on MP1 is applicable
2023-04-23 22:29:34,093 [INFO] Rule:228 - rule align RCC USART24CLockSelection default value on MP1 is applicable
2023-04-23 22:29:34,093 [INFO] Rule:228 - rule align RCC USART6CLockSelection default value on MP1 is applicable
2023-04-23 22:29:34,093 [INFO] Rule:228 - rule align RCC UART78CLockSelection default value on MP1 is applicable
2023-04-23 22:29:34,093 [INFO] Rule:228 - rule align RCC USART35CLockSelection default value on MP1 is applicable
2023-04-23 22:29:34,093 [INFO] Rule:228 - rule align RCC SPI45CLockSelection default value on MP1 is applicable
2023-04-23 22:29:34,093 [INFO] Rule:228 - rule align RCC I2C46CLockSelection BCLK value on MP1 is applicable
2023-04-23 22:29:34,094 [INFO] Rule:228 - rule align RCC SPI45CLockSelection default value on MP1 is applicable
2023-04-23 22:29:34,094 [INFO] Rule:228 - rule align RCC I2C12CLockSelection default value on MP1 is applicable
2023-04-23 22:29:34,094 [INFO] Rule:228 - rule align RCC I2C35CLockSelection default value on MP1 is applicable
2023-04-23 22:29:34,094 [INFO] Rule:228 - rule align RCC LPTIM45CLockSelection default value on MP1 is applicable
2023-04-23 22:29:34,094 [INFO] Rule:228 - rule Rename DCMI PIXCK signal is applicable
2023-04-23 22:29:34,094 [INFO] Rule:228 - rule Change Default Value for I2C46CLockSelection MP1 family is applicable
2023-04-23 22:29:34,094 [INFO] Rule:228 - rule Change Default Value for UART for G4, G0 and WB families is applicable
2023-04-23 22:29:34,094 [INFO] Rule:228 - rule Change Default Value for USART for G4, G0 and WB families is applicable
2023-04-23 22:29:34,094 [INFO] Rule:228 - rule Change Default Value for USART for G4 family is applicable
2023-04-23 22:29:34,094 [INFO] Rule:228 - rule Change USART1CLockSelection refparam name for MP1 is applicable
2023-04-23 22:29:34,094 [INFO] Rule:228 - rule Change USART2CLockSelection refparam name for MP1 is applicable
2023-04-23 22:29:34,095 [INFO] Rule:228 - rule Change USART3CLockSelection refparam name for MP1 is applicable
2023-04-23 22:29:34,095 [INFO] Rule:228 - rule Change UART4CLockSelection refparam name for MP1 is applicable
2023-04-23 22:29:34,095 [INFO] Rule:228 - rule Change UART5CLockSelection refparam name for MP1 is applicable
2023-04-23 22:29:34,095 [INFO] Rule:228 - rule Change LPUART1CLockSelection refparam name for MP1 is applicable
2023-04-23 22:29:34,095 [INFO] Rule:228 - rule Change LPTIM1CLockSelection refparam name for MP1 is applicable
2023-04-23 22:29:34,095 [INFO] Rule:228 - rule Change LPTIM2CLockSelection refparam name for MP1 is applicable
2023-04-23 22:29:34,095 [INFO] Rule:228 - rule Change RCC_MCO1Source refparam name for MP1 is applicable
2023-04-23 22:29:34,095 [INFO] Rule:228 - rule Change LSCOSource1 refparam name for MP1 is applicable
2023-04-23 22:29:34,095 [INFO] Rule:228 - rule Change SMPSCLockSelection refparam name for MP1 is applicable
2023-04-23 22:29:34,095 [INFO] Rule:228 - rule Change LPTIM3CLockSelection refparam name for MP1 is applicable
2023-04-23 22:29:34,096 [INFO] Rule:228 - rule Change MPCBB* Default Template Mode to Parameters is applicable
2023-04-23 22:29:34,096 [INFO] Rule:228 - rule Change MPCWM* or MPCBB* Secure Mode to Parameters is applicable
2023-04-23 22:29:34,096 [INFO] Rule:228 - rule Change MPCWM* or MPCBB* No Secure Mode to Parameters is applicable
2023-04-23 22:29:34,096 [INFO] Rule:228 - rule Change TZSC IP Secure Mode to Parameters is applicable
2023-04-23 22:29:34,096 [INFO] Rule:228 - rule Change TZSC IP No Secure Mode to Parameters is applicable
2023-04-23 22:29:34,096 [INFO] Rule:228 - rule Change TZSC IP Privilege Mode to Parameters is applicable
2023-04-23 22:29:34,096 [INFO] Rule:228 - rule Change TZSC IP No Privilege Mode to Parameters is applicable
2023-04-23 22:29:34,096 [INFO] Rule:228 - rule Change TZIC IT Secure Mode to Parameters is applicable
2023-04-23 22:29:34,096 [INFO] Rule:228 - rule Change TZIC IT No Secure Mode to Parameters is applicable
2023-04-23 22:29:34,096 [INFO] Rule:228 - rule Add MPCBB1_NonSecureArea_Start_Address value with referenced to MPCBB1_NonSecureArea_Start value is applicable
2023-04-23 22:29:34,097 [INFO] Rule:228 - rule Add MPCBB2_NonSecureArea_Start_Address value with referenced to MPCBB2_NonSecureArea_Start value is applicable
2023-04-23 22:29:34,097 [INFO] Rule:228 - rule Add MPCWM1_NonSecureArea*_Start_Address value with referenced to MPCWM1_NonSecureArea*_Start value is applicable
2023-04-23 22:29:34,097 [INFO] Rule:228 - rule Add MPCWM2_NonSecureArea*_Start_Address value with referenced to MPCWM2_NonSecureArea*_Start value is applicable
2023-04-23 22:29:34,097 [INFO] Rule:228 - rule Add MPCWM3_NonSecureArea_Start_Address value with referenced to MPCWM3_NonSecureArea_Start value is applicable
2023-04-23 22:29:34,097 [INFO] Rule:228 - rule Change Default Value for PLL1UserDefinedConfig is applicable
2023-04-23 22:29:34,097 [INFO] Rule:228 - rule Change GPIO_PuPd Default Value for USART in async mode is applicable
2023-04-23 22:29:34,097 [INFO] Rule:228 - rule Change SMPSDivider Default Value is applicable
2023-04-23 22:29:34,097 [INFO] Rule:228 - rule OPAMP is applicable
2023-04-23 22:29:34,098 [INFO] Rule:228 - rule LPUART IPParameter rename Prescaler parameter to ClockPrescaler for STM32H7 is applicable
2023-04-23 22:29:34,098 [INFO] Rule:228 - rule LPUART IPParameter rename Prescaler parameter to ClockPrescaler for STM32H7 is applicable
2023-04-23 22:29:34,098 [INFO] Rule:228 - rule LPUART IPParameter rename Prescaler parameter to ClockPrescaler for STM32WB is applicable
2023-04-23 22:29:34,098 [INFO] Rule:228 - rule LPUART IPParameter rename Prescaler parameter to ClockPrescaler for STM32WB is applicable
2023-04-23 22:29:34,098 [INFO] Rule:228 - rule LPUART IPParameter rename Prescaler parameter to ClockPrescaler for STM32G4 is applicable
2023-04-23 22:29:34,098 [INFO] Rule:228 - rule LPUART IPParameter rename Prescaler parameter to ClockPrescaler for STM32G4 is applicable
2023-04-23 22:29:34,098 [INFO] Rule:228 - rule LPUART IPParameter rename Prescaler parameter to ClockPrescaler for STM32L5 is applicable
2023-04-23 22:29:34,098 [INFO] Rule:228 - rule LPUART IPParameter rename Prescaler parameter to ClockPrescaler for STM32L5 is applicable
2023-04-23 22:29:34,098 [INFO] Rule:228 - rule LPUART IPParameter rename Prescaler parameter to ClockPrescaler for STM32G4 is applicable
2023-04-23 22:29:34,098 [INFO] Rule:228 - rule LPUART IPParameter rename Prescaler parameter to ClockPrescaler for STM32G4 is applicable
2023-04-23 22:29:34,099 [INFO] Rule:228 - rule USB device lib V2.5.3 for L0 rename USBD_SUPPORT_USER_STRING parameter to USBD_SUPPORT_USER_STRING_DESC4 is applicable
2023-04-23 22:29:34,099 [INFO] Rule:228 - rule I2SCLockSelection clock entry align is applicable
2023-04-23 22:29:34,099 [INFO] Rule:228 - rule Assign TIMx context if used as SYS timebase is applicable
2023-04-23 22:29:34,099 [INFO] Rule:228 - rule Change GPIO_Pu Default Value for I2C is applicable
2023-04-23 22:29:34,099 [INFO] Rule:228 - rule Change GPIO_Pu Default Value for SMBus is applicable
2023-04-23 22:29:34,099 [INFO] Rule:228 - rule change FDCAN default value is applicable
2023-04-23 22:29:34,099 [INFO] Rule:228 - rule Change mode sai is applicable
2023-04-23 22:29:34,099 [INFO] Rule:228 - rule **Change sai mode is applicable
2023-04-23 22:29:34,135 [INFO] DbConfProperties:307 - Apply Compatibility (34/226 Rules)
2023-04-23 22:29:34,196 [INFO] ImportTextPane:194 - (OptionalMessage_ERROR) Unable to find key (Mcu.ThirdPartyNb) in loaded IOC file
2023-04-23 22:29:34,504 [INFO] RtosManager:555 - Registered RTOS mode: class=CMSIS, group=RTOS, mode=CMSIS_V1, owner=FREERTOS
2023-04-23 22:29:34,505 [INFO] RtosManager:555 - Registered RTOS mode: class=CMSIS, group=RTOS2, mode=CMSIS_V2, owner=FREERTOS
2023-04-23 22:29:34,505 [INFO] RtosManager:555 - Registered RTOS mode: class=RTOS, group=Core, mode=CMSIS_V1, owner=FREERTOS
2023-04-23 22:29:34,505 [INFO] RtosManager:555 - Registered RTOS mode: class=RTOS, group=Core, mode=CMSIS_V2, owner=FREERTOS
2023-04-23 22:29:34,506 [WARN] ModelIntegratedComponent:184 - Missing modes for component STMicroelectronics:FreeRTOS:0.0.1:STMicroelectronics:RTOS:FreeRTOS:Core:::10.2.0:
2023-04-23 22:29:34,553 [WARN] ModelIntegratedComponent:63 - No mode defined for component null
2023-04-23 22:29:34,553 [WARN] ModelIntegratedComponent:63 - No mode defined for component null
2023-04-23 22:29:34,553 [WARN] ModelIntegratedComponent:63 - No mode defined for component null
2023-04-23 22:29:34,553 [WARN] ModelIntegratedComponent:63 - No mode defined for component null
2023-04-23 22:29:34,554 [WARN] ModelIntegratedComponent:63 - No mode defined for component null
2023-04-23 22:29:34,554 [WARN] ModelIntegratedComponent:63 - No mode defined for component null
2023-04-23 22:29:34,554 [WARN] ModelIntegratedComponent:63 - No mode defined for component null
2023-04-23 22:29:34,554 [WARN] ModelIntegratedComponent:63 - No mode defined for component null
2023-04-23 22:29:34,554 [WARN] ModelIntegratedComponent:63 - No mode defined for component null
2023-04-23 22:29:34,554 [WARN] ModelIntegratedComponent:63 - No mode defined for component null
2023-04-23 22:29:34,554 [WARN] ModelIntegratedComponent:63 - No mode defined for component null
2023-04-23 22:29:34,554 [WARN] ModelIntegratedComponent:63 - No mode defined for component null
2023-04-23 22:29:34,555 [WARN] ModelIntegratedComponent:63 - No mode defined for component null
2023-04-23 22:29:34,555 [WARN] ModelIntegratedComponent:63 - No mode defined for component null
2023-04-23 22:29:34,555 [WARN] ModelIntegratedComponent:63 - No mode defined for component null
2023-04-23 22:29:34,555 [WARN] ModelIntegratedComponent:63 - No mode defined for component null
2023-04-23 22:29:34,555 [WARN] ModelIntegratedComponent:63 - No mode defined for component null
2023-04-23 22:29:34,555 [WARN] ModelIntegratedComponent:63 - No mode defined for component null
2023-04-23 22:29:34,555 [WARN] ModelIntegratedComponent:63 - No mode defined for component null
2023-04-23 22:29:34,555 [WARN] ModelIntegratedComponent:63 - No mode defined for component null
2023-04-23 22:29:34,555 [WARN] ModelIntegratedComponent:63 - No mode defined for component null
2023-04-23 22:29:34,556 [WARN] ModelIntegratedComponent:63 - No mode defined for component null
2023-04-23 22:29:34,556 [WARN] ModelIntegratedComponent:63 - No mode defined for component null
2023-04-23 22:29:34,556 [WARN] ModelIntegratedComponent:63 - No mode defined for component null
2023-04-23 22:29:34,556 [WARN] ModelIntegratedComponent:63 - No mode defined for component null
2023-04-23 22:29:34,556 [WARN] ModelIntegratedComponent:63 - No mode defined for component null
2023-04-23 22:29:34,556 [WARN] ModelIntegratedComponent:63 - No mode defined for component null
2023-04-23 22:29:34,556 [WARN] ModelIntegratedComponent:63 - No mode defined for component null
2023-04-23 22:29:34,556 [WARN] ModelIntegratedComponent:63 - No mode defined for component null
2023-04-23 22:29:34,556 [WARN] ModelIntegratedComponent:63 - No mode defined for component null
2023-04-23 22:29:34,557 [WARN] ModelIntegratedComponent:63 - No mode defined for component null
2023-04-23 22:29:34,557 [WARN] ModelIntegratedComponent:63 - No mode defined for component null
2023-04-23 22:29:34,557 [WARN] ModelIntegratedComponent:63 - No mode defined for component null
2023-04-23 22:29:34,936 [INFO] ThirdPartyModel:298 - Start build external matchings
2023-04-23 22:29:35,857 [INFO] ThirdPartyModel:316 - End build external matchings
2023-04-23 22:29:36,375 [INFO] UtilMem:75 - End LoadConfig() Used Memory: 315342360 Bytes (447741952)
2023-04-23 22:29:36,721 [WARN] ThirdParty:833 - waiting for thirdparty lock release [change project]
2023-04-23 22:29:36,722 [INFO] ThirdParty:835 - entering critical section [change project]
2023-04-23 22:29:36,722 [INFO] ThirdParty:1030 - CMSIS Pack Vendor :STMicroelectronics X-CUBE-ISPU 1.1.0
2023-04-23 22:29:36,722 [INFO] ThirdParty:1030 - CMSIS Pack Vendor :RoweBots I-CUBE-UNISONRTOS 5.5.0-4
2023-04-23 22:29:36,722 [INFO] ThirdParty:1030 - CMSIS Pack Vendor :STMicroelectronics X-CUBE-GNSS1 6.0.0
2023-04-23 22:29:36,722 [INFO] ThirdParty:1030 - CMSIS Pack Vendor :STMicroelectronics USB_HOST 2.0.0
2023-04-23 22:29:36,722 [INFO] ThirdParty:1030 - CMSIS Pack Vendor :STMicroelectronics X-CUBE-AZRTOS-F4 1.1.0
2023-04-23 22:29:36,722 [INFO] ThirdParty:1030 - CMSIS Pack Vendor :STMicroelectronics LIBJPEG 8.0.0
2023-04-23 22:29:36,722 [INFO] ThirdParty:1030 - CMSIS Pack Vendor :STMicroelectronics X-CUBE-SMBUS 2.1.0
2023-04-23 22:29:36,723 [INFO] ThirdParty:1030 - CMSIS Pack Vendor :STMicroelectronics USB_DEVICE 3.0.0
2023-04-23 22:29:36,723 [INFO] ThirdParty:1030 - CMSIS Pack Vendor :STMicroelectronics X-CUBE-AI 8.0.0
2023-04-23 22:29:36,723 [INFO] ThirdParty:1030 - CMSIS Pack Vendor :STMicroelectronics X-CUBE-FREERTOS 1.0.0
2023-04-23 22:29:36,723 [INFO] ThirdParty:1030 - CMSIS Pack Vendor :STMicroelectronics X-CUBE-FREERTOS 1.0.1
2023-04-23 22:29:36,723 [INFO] ThirdParty:1030 - CMSIS Pack Vendor :STMicroelectronics X-CUBE-TOUCHGFX 4.21.1
2023-04-23 22:29:36,723 [INFO] ThirdParty:1030 - CMSIS Pack Vendor :STMicroelectronics X-CUBE-TOUCHGFX 4.21.3
2023-04-23 22:29:36,723 [INFO] ThirdParty:1030 - CMSIS Pack Vendor :STMicroelectronics X-CUBE-AZRTOS-F7 1.1.0
2023-04-23 22:29:36,723 [INFO] ThirdParty:1030 - CMSIS Pack Vendor :STMicroelectronics USB_DEVICE 2.0.0
2023-04-23 22:29:36,724 [INFO] ThirdParty:1030 - CMSIS Pack Vendor :STMicroelectronics X-CUBE-ALGOBUILD 1.3.0
2023-04-23 22:29:36,724 [INFO] ThirdParty:1030 - CMSIS Pack Vendor :STMicroelectronics X-CUBE-BLE1 6.2.4
2023-04-23 22:29:36,724 [INFO] ThirdParty:1030 - CMSIS Pack Vendor :STMicroelectronics X-CUBE-AZRTOS-L5 1.1.0
2023-04-23 22:29:36,724 [INFO] ThirdParty:1030 - CMSIS Pack Vendor :STMicroelectronics FreeRTOS 0.0.1
2023-04-23 22:29:36,724 [INFO] ThirdParty:1030 - CMSIS Pack Vendor :emotas I-CUBE-CANOPEN 1.1.3
2023-04-23 22:29:36,724 [INFO] ThirdParty:1030 - CMSIS Pack Vendor :STMicroelectronics X-CUBE-AZRTOS-G0 1.1.0
2023-04-23 22:29:36,724 [INFO] ThirdParty:1030 - CMSIS Pack Vendor :STMicroelectronics X-CUBE-BLEMGR 2.0.0
2023-04-23 22:29:36,724 [INFO] ThirdParty:1030 - CMSIS Pack Vendor :STMicroelectronics X-CUBE-SUBG2 5.0.0
2023-04-23 22:29:36,724 [INFO] ThirdParty:1030 - CMSIS Pack Vendor :STMicroelectronics X-CUBE-NFC4 3.0.0
2023-04-23 22:29:36,725 [INFO] ThirdParty:1030 - CMSIS Pack Vendor :STMicroelectronics STM32_WPAN 1.0.0
2023-04-23 22:29:36,725 [INFO] ThirdParty:1030 - CMSIS Pack Vendor :STMicroelectronics lwIP 2.0.3
2023-04-23 22:29:36,725 [INFO] ThirdParty:1030 - CMSIS Pack Vendor :STMicroelectronics USB_HOST 1.0.0
2023-04-23 22:29:36,725 [INFO] ThirdParty:1030 - CMSIS Pack Vendor :STMicroelectronics PDM2PCM 3.1.0
2023-04-23 22:29:36,725 [INFO] ThirdParty:1030 - CMSIS Pack Vendor :STMicroelectronics X-CUBE-AZRTOS-H7 3.1.0
2023-04-23 22:29:36,725 [INFO] ThirdParty:1030 - CMSIS Pack Vendor :STMicroelectronics X-CUBE-TOF1 3.3.0
2023-04-23 22:29:36,725 [INFO] ThirdParty:1030 - CMSIS Pack Vendor :STMicroelectronics FP-ATR-ASTRA1 1.1.1
2023-04-23 22:29:36,725 [INFO] ThirdParty:1030 - CMSIS Pack Vendor :STMicroelectronics PDM2PCM 3.3.0
2023-04-23 22:29:36,725 [INFO] ThirdParty:1030 - CMSIS Pack Vendor :STMicroelectronics X-CUBE-DISPLAY 3.0.0
2023-04-23 22:29:36,726 [INFO] ThirdParty:1030 - CMSIS Pack Vendor :STMicroelectronics X-CUBE-AZRTOS-G4 1.0.0
2023-04-23 22:29:36,726 [INFO] ThirdParty:1030 - CMSIS Pack Vendor :STMicroelectronics FP-ATR-SIGFOX1 3.2.0
2023-04-23 22:29:36,726 [INFO] ThirdParty:1030 - CMSIS Pack Vendor :wolfSSL I-CUBE-wolfSSL 5.5.4
2023-04-23 22:29:36,726 [INFO] ThirdParty:1030 - CMSIS Pack Vendor :STMicroelectronics X-CUBE-AZRTOS-L4 1.0.0
2023-04-23 22:29:36,726 [INFO] ThirdParty:1030 - CMSIS Pack Vendor :STMicroelectronics HAL Drivers 0.0.0
2023-04-23 22:29:36,726 [INFO] ThirdParty:1030 - CMSIS Pack Vendor :STMicroelectronics MBEDTLS 2.16.2
2023-04-23 22:29:36,726 [INFO] ThirdParty:1030 - CMSIS Pack Vendor :STMicroelectronics MBEDTLS 2.14.1
2023-04-23 22:29:36,726 [INFO] ThirdParty:1030 - CMSIS Pack Vendor :STMicroelectronics X-CUBE-NFC7 1.0.0
2023-04-23 22:29:36,726 [INFO] ThirdParty:1030 - CMSIS Pack Vendor :STMicroelectronics X-CUBE-AZRTOS-WL 1.0.0
2023-04-23 22:29:36,726 [INFO] ThirdParty:1030 - CMSIS Pack Vendor :STMicroelectronics X-CUBE-EEPRMA1 4.1.0
2023-04-23 22:29:36,727 [INFO] ThirdParty:1030 - CMSIS Pack Vendor :portGmbH I-Cube-SoM-uGOAL 1.1.0
2023-04-23 22:29:36,727 [INFO] ThirdParty:1030 - CMSIS Pack Vendor :STMicroelectronics X-CUBE-ALS 1.0.1
2023-04-23 22:29:36,727 [INFO] ThirdParty:1030 - CMSIS Pack Vendor :STMicroelectronics X-CUBE-MEMS1 9.5.0
2023-04-23 22:29:36,727 [INFO] ThirdParty:1030 - CMSIS Pack Vendor :STMicroelectronics ThreadX 1.0.0
2023-04-23 22:29:36,727 [INFO] ThirdParty:1030 - CMSIS Pack Vendor :STMicroelectronics X-CUBE-AZRTOS-WB 1.1.0
2023-04-23 22:29:36,727 [INFO] ThirdParty:1030 - CMSIS Pack Vendor :SEGGER I-CUBE-embOS 1.3.1
2023-04-23 22:29:36,727 [INFO] ThirdParty:1030 - CMSIS Pack Vendor :STMicroelectronics USB_DEVICE 1.0.0
2023-04-23 22:29:36,727 [INFO] ThirdParty:1030 - CMSIS Pack Vendor :STMicroelectronics ThreadX 0.0.2
2023-04-23 22:29:36,727 [INFO] ThirdParty:1030 - CMSIS Pack Vendor :WES I-CUBE-Cesium 1.3.0
2023-04-23 22:29:36,727 [INFO] ThirdParty:1030 - CMSIS Pack Vendor :STMicroelectronics FP-ATR-ASTRA1 2.0.0
2023-04-23 22:29:36,727 [INFO] ThirdParty:1030 - CMSIS Pack Vendor :STMicroelectronics lwIP 2.1.2
2023-04-23 22:29:36,727 [INFO] ThirdParty:1030 - CMSIS Pack Vendor :STMicroelectronics X-CUBE-SFXS2LP1 4.0.0
2023-04-23 22:29:36,727 [INFO] ThirdParty:1030 - CMSIS Pack Vendor :STMicroelectronics X-CUBE-BLE2 3.3.0
2023-04-23 22:29:36,728 [INFO] ThirdParty:1030 - CMSIS Pack Vendor :STMicroelectronics X-CUBE-TOF1 3.2.0
2023-04-23 22:29:36,728 [INFO] ThirdParty:1030 - CMSIS Pack Vendor :STMicroelectronics PDM2PCM 3.2.0
2023-04-23 22:29:36,728 [INFO] ThirdParty:1030 - CMSIS Pack Vendor :STMicroelectronics X-CUBE-AZRTOS-H7 3.0.0
2023-04-23 22:29:36,728 [INFO] ThirdParty:841 - exiting critical section [change project]
2023-04-23 22:29:38,279 [INFO] PinOutPanel:1499 - setPackage(No Configuration,No Configuration)
2023-04-23 22:29:38,281 [INFO] PinOutPanel:1499 - setPackage(STM32F407VGTx,LQFP100)
2023-04-23 22:29:40,132 [INFO] UtilMem:75 - Before build in PCC Used Memory: 345094840 Bytes (447741952)
2023-04-23 22:29:42,001 [INFO] UtilMem:75 - After build in PCC Used Memory: 275429984 Bytes (447741952)
2023-04-23 22:29:42,133 [INFO] IPUIPlugin:80 - create IPUIPlugin
2023-04-23 22:29:42,133 [INFO] IPUIPlugin:80 - create IPUIPlugin
2023-04-23 22:29:42,134 [INFO] IPUIPlugin:80 - create IPUIPlugin
2023-04-23 22:29:42,134 [INFO] IPUIPlugin:80 - create IPUIPlugin
2023-04-23 22:29:42,134 [INFO] IPUIPlugin:80 - create IPUIPlugin
2023-04-23 22:29:42,135 [INFO] IPUIPlugin:80 - create IPUIPlugin
2023-04-23 22:29:42,135 [INFO] IPUIPlugin:80 - create IPUIPlugin
2023-04-23 22:29:42,135 [INFO] IPUIPlugin:80 - create IPUIPlugin
2023-04-23 22:29:42,165 [INFO] IPUIPlugin:80 - create IPUIPlugin
2023-04-23 22:29:42,165 [INFO] IPUIPlugin:80 - create IPUIPlugin
2023-04-23 22:29:42,166 [INFO] IPUIPlugin:80 - create IPUIPlugin
2023-04-23 22:29:42,166 [INFO] IPUIPlugin:80 - create IPUIPlugin
2023-04-23 22:29:42,166 [INFO] IPUIPlugin:80 - create IPUIPlugin
2023-04-23 22:29:42,166 [INFO] IPUIPlugin:80 - create IPUIPlugin
2023-04-23 22:29:42,167 [INFO] IPUIPlugin:80 - create IPUIPlugin
2023-04-23 22:29:42,167 [INFO] IPUIPlugin:80 - create IPUIPlugin
2023-04-23 22:29:42,168 [INFO] IPUIPlugin:80 - create IPUIPlugin
2023-04-23 22:29:42,168 [INFO] IPUIPlugin:80 - create IPUIPlugin
2023-04-23 22:29:42,168 [INFO] IPUIPlugin:80 - create IPUIPlugin
2023-04-23 22:29:42,169 [INFO] IPUIPlugin:80 - create IPUIPlugin
2023-04-23 22:29:42,169 [INFO] IPUIPlugin:80 - create IPUIPlugin
2023-04-23 22:29:42,170 [INFO] IPUIPlugin:80 - create IPUIPlugin
2023-04-23 22:29:42,170 [INFO] IPUIPlugin:80 - create IPUIPlugin
2023-04-23 22:29:42,171 [INFO] IPUIPlugin:80 - create IPUIPlugin
2023-04-23 22:29:42,171 [INFO] IPUIPlugin:80 - create IPUIPlugin
2023-04-23 22:29:42,172 [INFO] IPUIPlugin:80 - create IPUIPlugin
2023-04-23 22:29:42,173 [INFO] IPUIPlugin:80 - create IPUIPlugin
2023-04-23 22:29:42,173 [INFO] IPUIPlugin:80 - create IPUIPlugin
2023-04-23 22:29:42,174 [INFO] IPUIPlugin:80 - create IPUIPlugin
2023-04-23 22:29:42,174 [INFO] IPUIPlugin:80 - create IPUIPlugin
2023-04-23 22:29:42,175 [INFO] IPUIPlugin:80 - create IPUIPlugin
2023-04-23 22:29:42,175 [INFO] IPUIPlugin:80 - create IPUIPlugin
2023-04-23 22:29:42,176 [INFO] IPUIPlugin:80 - create IPUIPlugin
2023-04-23 22:29:42,188 [INFO] IPUIPlugin:80 - create IPUIPlugin
2023-04-23 22:29:42,189 [INFO] IPUIPlugin:80 - create IPUIPlugin
2023-04-23 22:29:42,190 [INFO] IPUIPlugin:80 - create IPUIPlugin
2023-04-23 22:29:42,190 [INFO] IPUIPlugin:80 - create IPUIPlugin
2023-04-23 22:29:42,191 [INFO] IPUIPlugin:80 - create IPUIPlugin
2023-04-23 22:29:42,192 [INFO] IPUIPlugin:80 - create IPUIPlugin
2023-04-23 22:29:42,192 [INFO] IPUIPlugin:80 - create IPUIPlugin
2023-04-23 22:29:42,193 [INFO] IPUIPlugin:80 - create IPUIPlugin
2023-04-23 22:29:42,193 [INFO] IPUIPlugin:80 - create IPUIPlugin
2023-04-23 22:29:42,194 [INFO] IPUIPlugin:80 - create IPUIPlugin
2023-04-23 22:29:42,195 [INFO] IPUIPlugin:80 - create IPUIPlugin
2023-04-23 22:29:42,195 [INFO] IPUIPlugin:80 - create IPUIPlugin
2023-04-23 22:29:42,196 [INFO] IPUIPlugin:80 - create IPUIPlugin
2023-04-23 22:29:42,196 [INFO] IPUIPlugin:80 - create IPUIPlugin
2023-04-23 22:29:42,197 [INFO] IPUIPlugin:80 - create IPUIPlugin
2023-04-23 22:29:42,197 [INFO] IPUIPlugin:80 - create IPUIPlugin
2023-04-23 22:29:42,198 [INFO] IPUIPlugin:80 - create IPUIPlugin
2023-04-23 22:29:42,198 [INFO] IPUIPlugin:80 - create IPUIPlugin
2023-04-23 22:29:42,199 [INFO] IPUIPlugin:80 - create IPUIPlugin
2023-04-23 22:29:42,200 [INFO] IPUIPlugin:80 - create IPUIPlugin
2023-04-23 22:29:42,213 [INFO] IPUIPlugin:80 - create IPUIPlugin
2023-04-23 22:29:42,213 [INFO] IPUIPlugin:80 - create IPUIPlugin
2023-04-23 22:29:42,215 [INFO] IPUIPlugin:80 - create IPUIPlugin
2023-04-23 22:29:42,216 [INFO] IPUIPlugin:80 - create IPUIPlugin
2023-04-23 22:29:42,217 [INFO] IPUIPlugin:80 - create IPUIPlugin
2023-04-23 22:29:42,418 [INFO] ApiDbMcu:507 - Load IP Config File for PDM2PCM
2023-04-23 22:29:43,087 [INFO] CADModel:165 - CPN selected for project levelSTM32F407VGT6
2023-04-23 22:29:43,087 [INFO] CADModel:114 - Register for checkConnection events
2023-04-23 22:29:43,161 [INFO] OpenFileManager:328 - Restore cursor
2023-04-23 22:29:46,034 [INFO] UtilMem:75 - End SaveConfig() Used Memory: 307599224 Bytes (447741952)
2023-04-23 22:29:48,474 [INFO] ServerAccessManage:473 - Download File stm32cube_fw_f4_v1270.zip
2023-04-23 22:30:09,023 [ERROR] ServerAccessManage:651 - User Cancel Download : stm32cube_fw_f4_v1270.zip.
2023-04-23 22:30:09,126 [INFO] MainUpdater:3548 - Updater definition file requires update
2023-04-23 22:30:09,127 [INFO] LoadServerPackagesThread:196 - End of LoadServerPackages Thread
2023-04-23 22:30:09,187 [INFO] ServerAccessManage:473 - Download File updaters.zip
2023-04-23 22:30:09,267 [INFO] FileExtend:240 - Unzip File : updaters.zip
2023-04-23 22:30:09,268 [INFO] FileExtend:255 - Standard Zip Deflate
2023-04-23 22:30:09,460 [INFO] ServerAccessManage:473 - Download File PacksControlFlags.xml
2023-04-23 22:30:09,531 [INFO] ServerAccessManage:473 - Download File cubemx.pidx
2023-04-23 22:30:09,585 [INFO] ThirdPartyModel:298 - Start build external matchings
2023-04-23 22:30:09,757 [INFO] CheckServerUpdateThread:120 - End of CheckServer Thread
2023-04-23 22:30:10,644 [INFO] ThirdPartyModel:316 - End build external matchings
2023-04-23 22:30:10,662 [INFO] LoadServerUpdatesThread:373 - End of LoadServerUpdate Thread
2023-04-23 22:30:12,544 [INFO] McuFinderGlobals:66 - Set McuFinderConnectedMode to true
2023-04-23 22:30:12,547 [INFO] ApiDb:448 - Save user favorites file /home/neelakanta/.stm32cubeide/favorites.mcus.txt: 0 item(s)
2023-04-23 22:30:12,547 [INFO] ApiDb:452 - User favorites MCUs=[]
2023-04-23 22:30:12,549 [INFO] ApiDb:448 - Save user favorites file /home/neelakanta/.stm32cubeide/favorites.boards.txt: 1 item(s)
2023-04-23 22:30:12,550 [INFO] ApiDb:452 - User favorites Boards=[STM32F407G-DISC1]
2023-04-23 22:30:24,603 [INFO] MainUpdater:2854 - connection check result : 10
2023-04-23 22:30:24,764 [INFO] McuFinderGlobals:66 - Set McuFinderConnectedMode to true
2023-04-23 22:30:24,765 [INFO] MultiScanPanel:200 - Auto-refresh data requested => check proxy status ongoing
2023-04-23 22:30:24,765 [INFO] FinderPluginLoader:95 - Searching for filters in installed packs
2023-04-23 22:30:26,209 [INFO] LoadUrlFilesThread:185 - End of LoadServerUrlFiles without Thread
2023-04-23 22:30:26,210 [INFO] DetailPanel:341 - Set advertising image to /home/neelakanta/STM32Cube/Repository//en.prom-stm32h5-mcu-finder.jpg
2023-04-23 22:30:45,838 [INFO] MultiScanPanel:200 - Auto-refresh data requested => check proxy status ongoing
2023-04-23 22:30:45,965 [INFO] LoadUrlFilesThread:185 - End of LoadServerUrlFiles without Thread
2023-04-23 22:30:45,965 [INFO] DetailPanel:341 - Set advertising image to /home/neelakanta/STM32Cube/Repository//en.prom-stm32h5-mcu-finder.jpg
2023-04-23 22:31:24,414 [INFO] McuFinderGlobals:66 - Set McuFinderConnectedMode to true
2023-04-23 22:31:24,418 [INFO] ApiDb:448 - Save user favorites file /home/neelakanta/.stm32cubeide/favorites.mcus.txt: 0 item(s)
2023-04-23 22:31:24,419 [INFO] ApiDb:452 - User favorites MCUs=[]
2023-04-23 22:31:24,420 [INFO] ApiDb:448 - Save user favorites file /home/neelakanta/.stm32cubeide/favorites.boards.txt: 1 item(s)
2023-04-23 22:31:24,421 [INFO] ApiDb:452 - User favorites Boards=[STM32F407G-DISC1]
